<?xml version="1.0" encoding="UTF-8"?>
<!-- Generated by org.testng.reporters.JUnitReportReporter -->
<testsuite hostname="LAPTOP-J0MHOGT2" failures="0" tests="1" name="controlExample.HandleRadioCheck" time="10.493" errors="0" timestamp="2022-10-20T17:48:29 IST" skipped="0">
  <testcase classname="controlExample.HandleRadioCheck" name="verifyRadioCheckbox" time="10.493"/>
  <system-out/>
</testsuite> <!-- controlExample.HandleRadioCheck -->
