<?xml version="1.0" encoding="UTF-8"?>
<!-- Generated by org.testng.reporters.JUnitReportReporter -->
<testsuite hostname="LAPTOP-J0MHOGT2" failures="0" tests="1" name="controlExample.HandleDropDown" time="16.327" errors="0" timestamp="2022-10-20T20:13:03 IST" skipped="0">
  <testcase classname="controlExample.HandleDropDown" name="verifyDropdownSingle" time="16.327"/>
  <system-out/>
</testsuite> <!-- controlExample.HandleDropDown -->
