<?xml version="1.0" encoding="UTF-8"?>
<!-- Generated by org.testng.reporters.JUnitReportReporter -->
<testsuite hostname="LAPTOP-J0MHOGT2" failures="0" tests="1" name="controlExample.HandleAlertExample" time="2.127" errors="0" timestamp="2022-10-20T20:51:10 IST" skipped="0">
  <testcase classname="controlExample.HandleAlertExample" name="simpleAlert" time="2.127"/>
  <system-out/>
</testsuite> <!-- controlExample.HandleAlertExample -->
