<?xml version="1.0" encoding="UTF-8"?>
<!-- Generated by org.testng.reporters.JUnitReportReporter -->
<testsuite hostname="LAPTOP-4L648SQK" failures="0" tests="1" name="samplePackage.SampleTest1" time="0.007" errors="0" timestamp="2022-11-17T23:37:08 IST" skipped="0">
  <testcase classname="samplePackage.SampleTest1" name="testMethod1" time="0.007"/>
  <system-out/>
</testsuite> <!-- samplePackage.SampleTest1 -->
