<?xml version="1.0" encoding="UTF-8"?>
<!-- Generated by org.testng.reporters.JUnitReportReporter -->
<testsuite hostname="LAPTOP-4L648SQK" failures="0" tests="1" name="interviewPackage.InterviewTest" time="0.007" errors="0" timestamp="2022-10-08T16:58:33 IST" skipped="0">
  <testcase classname="interviewPackage.InterviewTest" name="test1" time="0.007"/>
  <system-out/>
</testsuite> <!-- interviewPackage.InterviewTest -->
