<?xml version="1.0" encoding="UTF-8"?>
<!-- Generated by org.testng.reporters.JUnitReportReporter -->
<testsuite hostname="LAPTOP-4L648SQK" failures="0" tests="1" name="samplePackage.SampleTest2" time="0.007" errors="0" timestamp="2022-10-07T16:45:43 IST" skipped="0">
  <testcase classname="samplePackage.SampleTest2" name="test15" time="0.007"/>
  <system-out/>
</testsuite> <!-- samplePackage.SampleTest2 -->
