<?xml version="1.0" encoding="UTF-8"?>
<!-- Generated by org.testng.reporters.JUnitReportReporter -->
<testsuite hostname="LAPTOP-4L648SQK" failures="0" tests="1" name="samplePackage.NewTest" time="0.006" errors="0" timestamp="2022-11-18T09:30:20 IST" skipped="0">
  <testcase classname="samplePackage.NewTest" name="test1" time="0.006"/>
  <system-out/>
</testsuite> <!-- samplePackage.NewTest -->
